Starting Dynare (version 6.3).
Calling Dynare with arguments: none
Starting preprocessing of the model file ... 
WARNING: baseline_NK.mod:14.1-90: Symbol c declared twice. 
WARNING: in the 'steady_state_model' block, variable 'g' is declared twice 
WARNING: in the 'steady_state_model' block, variable 'lny' is not assigned a value 
Found 30 equation(s). 
Evaluating expressions... 
Computing static model derivatives (order 1). 
Normalizing the static model... 
Finding the optimal block decomposition of the static model... 
12 block(s) found: 
  11 recursive block(s) and 1 simultaneous block(s). 
  the largest simultaneous block has 14 equation(s) 
                                 and 14 feedback variable(s). 
Computing dynamic model derivatives (order 1). 
Normalizing the dynamic model... 
Finding the optimal block decomposition of the dynamic model... 
10 block(s) found: 
  9 recursive block(s) and 1 simultaneous block(s). 
  the largest simultaneous block has 15 equation(s) 
                                 and 14 feedback variable(s). 
Preprocessing completed. 
Preprocessing time: 0h00m00s.


Residuals of the static equations:
Equation number  1: marginal utility of consumption :       0.000000
Equation number  2: Euler                           :       0.000000
Equation number  3: Labor Supply                    :       0.000000
Equation number  4: FOC i                           :       0.000000
Equation number  5: technology                      :       0.000000
Equation number  6: Capital law of motion           :       0.000000
Equation number  7: FOC k                           :       0.000000
Equation number  8: FOC h                           :       0.000000
Equation number  9: NKPC                            :       0.000000
Equation number 10: FOC y                           :       0.000000
Equation number 11: FOC mu                          :       0.000000
Equation number 12: Resources Constraint            :       0.000000
Equation number 13: Total emissions                 :       0.000000
Equation number 14: Fisherian equation              :       0.000000
Equation number 15: Monetary Policy rule            :       0.000000
Equation number 16: Public spending                 :       0.000000
Equation number 17: Carbon tax                      :       0.000000
Equation number 18: measurement GDP                 :       0.000000
Equation number 19: measurement consumption         :       0.000000
Equation number 20: measurement investment          :       0.000000
Equation number 21: measurement inflation           :       0.000000
Equation number 22: measurement interest rate       :       0.000000
Equation number 23: Output gap                      :       0.000000
Equation number 24: shocks                          :       0.000000
Equation number 25: 25                              :       0.000000
Equation number 26: 26                              :       0.000000
Equation number 27: 27                              :       0.000000
Equation number 28: 28                              :       0.000000
Equation number 29: 29                              :       0.000000
Equation number 30: 30                              :       0.000000


[Warning: Some of the parameters have no value (chi, A) when using stoch_simul. If these parameters are
not initialized in a steadystate file or a steady_state_model-block, Dynare may not be able to solve
the model. Note that simul, perfect_foresight_setup, and perfect_foresight_solver do not automatically
call the steady state file.] 

MODEL SUMMARY

  Number of variables:         30
  Number of stochastic shocks: 7
  Number of state variables:   12
  Number of jumpers:           7
  Number of static variables:  14


MATRIX OF COVARIANCE OF EXOGENOUS SHOCKS
Variables       eta_a     eta_g     eta_c     eta_i     eta_r     eta_t     eta_p
eta_a        1.000000  0.000000  0.000000  0.000000  0.000000  0.000000  0.000000
eta_g        0.000000  0.000000  0.000000  0.000000  0.000000  0.000000  0.000000
eta_c        0.000000  0.000000  0.000000  0.000000  0.000000  0.000000  0.000000
eta_i        0.000000  0.000000  0.000000  0.000000  0.000000  0.000000  0.000000
eta_r        0.000000  0.000000  0.000000  0.000000  0.000000  0.000000  0.000000
eta_t        0.000000  0.000000  0.000000  0.000000  0.000000  0.000000  0.000000
eta_p        0.000000  0.000000  0.000000  0.000000  0.000000  0.000000  0.000000

POLICY AND TRANSITION FUNCTIONS
                                   y               c               i              pi               r               q               h
Constant                   25.000000       11.705138        4.375208        1.005000        1.012085        1.000000        0.333333
c(-1)                       0.962947        0.650502       -0.034801        0.009340        0.002822       -0.009268        0.018342
k(-1)                       0.007584        0.008642       -0.003792       -0.000459       -0.000139       -0.000918       -0.000672
r(-1)                     -16.154605       -7.122432       -3.206690       -0.896965        0.529014       -2.189584       -0.307707
e_a(-1)                     7.401264        2.573591        2.158715       -0.223212       -0.067436        0.382478       -0.311405
e_g(-1)                     5.906968       -0.675088       -0.298046        0.056655        0.017116       -0.040186        0.112514
e_c(-1)                     2.914913        2.194803       -0.331032        0.026567        0.008026        0.016421        0.055522
e_r(-1)                   -12.795423       -5.438165       -2.743124       -0.795183        0.164597       -1.694486       -0.243722
e_t(-1)                     3.567507       -0.167125       -0.099616        0.037711        0.011393       -0.044810        0.067953
i(-1)                       1.164811       -0.062224        0.806994        0.014120        0.004266       -0.021823        0.022187
e_i(-1)                     2.181533       -0.561467        1.956322        0.066892        0.020209       -0.443755        0.041553
eta_a                       7.790804        2.709044        2.272332       -0.234960       -0.070985        0.402608       -0.327794
eta_g                       6.217861       -0.710619       -0.313733        0.059637        0.018017       -0.042301        0.118435
eta_c                       3.068329        2.310319       -0.348455        0.027965        0.008449        0.017286        0.058444
eta_i                       2.296351       -0.591018        2.059286        0.070413        0.021273       -0.467110        0.043740
eta_r                     -31.988558      -13.595412       -6.857809       -1.987958        0.411493       -4.236214       -0.609306
eta_t                       8.918766       -0.417814       -0.249040        0.094277        0.028483       -0.112024        0.169881


THEORETICAL MOMENTS
VARIABLE         MEAN  STD. DEV.   VARIANCE
y             25.0000    88.6592  7860.4531
c             11.7051    33.2328  1104.4187
i              4.3752    26.3853   696.1834
pi             1.0050     0.2732     0.0746
r              1.0121     0.2145     0.0460
q              1.0000     0.8912     0.7943
h              0.3333     0.4144     0.1717



VARIANCE DECOMPOSITION (in percent)
       eta_a   eta_g   eta_c   eta_i   eta_r   eta_t   eta_p
y     100.00    0.00    0.00    0.00    0.00    0.00    0.00
c     100.00    0.00    0.00    0.00    0.00    0.00    0.00
i     100.00    0.00    0.00    0.00    0.00    0.00    0.00
pi    100.00    0.00    0.00    0.00    0.00    0.00    0.00
r     100.00    0.00    0.00    0.00    0.00    0.00    0.00
q     100.00    0.00    0.00    0.00    0.00    0.00    0.00
h     100.00    0.00    0.00    0.00    0.00    0.00    0.00



MATRIX OF CORRELATIONS
Variables          y        c        i       pi        r        q        h
y             1.0000   0.9612   0.9378  -0.3382  -0.7961   0.4695  -0.1952
c             0.9612   1.0000   0.8057  -0.3811  -0.8461   0.3895  -0.2627
i             0.9378   0.8057   1.0000  -0.2466  -0.6446   0.5182  -0.0885
pi           -0.3382  -0.3811  -0.2466   1.0000   0.6602  -0.6036   0.9533
r            -0.7961  -0.8461  -0.6446   0.6602   1.0000  -0.7546   0.6628
q             0.4695   0.3895   0.5182  -0.6036  -0.7546   1.0000  -0.6840
h            -0.1952  -0.2627  -0.0885   0.9533   0.6628  -0.6840   1.0000



COEFFICIENTS OF AUTOCORRELATION
Order           1        2        3        4        5
y          0.9918   0.9719   0.9446   0.9131   0.8797
c          0.9937   0.9791   0.9597   0.9385   0.9171
i          0.9904   0.9659   0.9308   0.8884   0.8414
pi         0.4733   0.2033   0.0838   0.0451   0.0450
r          0.9325   0.8240   0.7191   0.6347   0.5736
q          0.8791   0.7010   0.5262   0.3786   0.2634
h          0.5896   0.3114   0.1382   0.0395  -0.0107
Total computing time : 0h00m04s
Note: 3 warning(s) encountered in the preprocessor
Note: warning(s) encountered in MATLAB/Octave code
